<?xml version="1.0" encoding="UTF-8"?>
<testsuite xmlns:xsi="http://www.w3.org/2001/XMLSchema-instance" xsi:noNamespaceSchemaLocation="https://maven.apache.org/surefire/maven-surefire-plugin/xsd/surefire-test-report.xsd" name="com.ssafy.finale.FinaleApplicationTests" time="11.794" tests="1" errors="0" skipped="0" failures="0">
  <properties>
    <property name="java.specification.version" value="17"/>
    <property name="sun.jnu.encoding" value="UTF-8"/>
    <property name="java.class.path" value="/Users/parkiryeong/git/bucket-splash-backend/target/test-classes:/Users/parkiryeong/git/bucket-splash-backend/target/classes:/Users/parkiryeong/.m2/repository/org/springframework/boot/spring-boot-starter-tomcat/2.7.5/spring-boot-starter-tomcat-2.7.5.jar:/Users/parkiryeong/.m2/repository/jakarta/annotation/jakarta.annotation-api/1.3.5/jakarta.annotation-api-1.3.5.jar:/Users/parkiryeong/.m2/repository/org/apache/tomcat/embed/tomcat-embed-core/9.0.68/tomcat-embed-core-9.0.68.jar:/Users/parkiryeong/.m2/repository/org/apache/tomcat/embed/tomcat-embed-el/9.0.68/tomcat-embed-el-9.0.68.jar:/Users/parkiryeong/.m2/repository/org/apache/tomcat/embed/tomcat-embed-websocket/9.0.68/tomcat-embed-websocket-9.0.68.jar:/Users/parkiryeong/.m2/repository/org/springframework/boot/spring-boot-starter-data-jdbc/2.7.5/spring-boot-starter-data-jdbc-2.7.5.jar:/Users/parkiryeong/.m2/repository/org/springframework/boot/spring-boot-starter-jdbc/2.7.5/spring-boot-starter-jdbc-2.7.5.jar:/Users/parkiryeong/.m2/repository/com/zaxxer/HikariCP/4.0.3/HikariCP-4.0.3.jar:/Users/parkiryeong/.m2/repository/org/springframework/spring-jdbc/5.3.23/spring-jdbc-5.3.23.jar:/Users/parkiryeong/.m2/repository/org/springframework/data/spring-data-jdbc/2.4.5/spring-data-jdbc-2.4.5.jar:/Users/parkiryeong/.m2/repository/org/springframework/data/spring-data-relational/2.4.5/spring-data-relational-2.4.5.jar:/Users/parkiryeong/.m2/repository/org/springframework/data/spring-data-commons/2.7.5/spring-data-commons-2.7.5.jar:/Users/parkiryeong/.m2/repository/org/springframework/spring-tx/5.3.23/spring-tx-5.3.23.jar:/Users/parkiryeong/.m2/repository/org/springframework/spring-context/5.3.23/spring-context-5.3.23.jar:/Users/parkiryeong/.m2/repository/org/springframework/spring-beans/5.3.23/spring-beans-5.3.23.jar:/Users/parkiryeong/.m2/repository/org/springframework/boot/spring-boot-starter-web/2.7.5/spring-boot-starter-web-2.7.5.jar:/Users/parkiryeong/.m2/repository/org/springframework/boot/spring-boot-starter/2.7.5/spring-boot-starter-2.7.5.jar:/Users/parkiryeong/.m2/repository/org/springframework/boot/spring-boot-starter-logging/2.7.5/spring-boot-starter-logging-2.7.5.jar:/Users/parkiryeong/.m2/repository/ch/qos/logback/logback-classic/1.2.11/logback-classic-1.2.11.jar:/Users/parkiryeong/.m2/repository/ch/qos/logback/logback-core/1.2.11/logback-core-1.2.11.jar:/Users/parkiryeong/.m2/repository/org/apache/logging/log4j/log4j-to-slf4j/2.17.2/log4j-to-slf4j-2.17.2.jar:/Users/parkiryeong/.m2/repository/org/apache/logging/log4j/log4j-api/2.17.2/log4j-api-2.17.2.jar:/Users/parkiryeong/.m2/repository/org/slf4j/jul-to-slf4j/1.7.36/jul-to-slf4j-1.7.36.jar:/Users/parkiryeong/.m2/repository/org/yaml/snakeyaml/1.30/snakeyaml-1.30.jar:/Users/parkiryeong/.m2/repository/org/springframework/boot/spring-boot-starter-json/2.7.5/spring-boot-starter-json-2.7.5.jar:/Users/parkiryeong/.m2/repository/com/fasterxml/jackson/datatype/jackson-datatype-jdk8/2.13.4/jackson-datatype-jdk8-2.13.4.jar:/Users/parkiryeong/.m2/repository/com/fasterxml/jackson/datatype/jackson-datatype-jsr310/2.13.4/jackson-datatype-jsr310-2.13.4.jar:/Users/parkiryeong/.m2/repository/com/fasterxml/jackson/module/jackson-module-parameter-names/2.13.4/jackson-module-parameter-names-2.13.4.jar:/Users/parkiryeong/.m2/repository/org/springframework/spring-web/5.3.23/spring-web-5.3.23.jar:/Users/parkiryeong/.m2/repository/org/springframework/spring-webmvc/5.3.23/spring-webmvc-5.3.23.jar:/Users/parkiryeong/.m2/repository/org/springframework/spring-aop/5.3.23/spring-aop-5.3.23.jar:/Users/parkiryeong/.m2/repository/org/springframework/spring-expression/5.3.23/spring-expression-5.3.23.jar:/Users/parkiryeong/.m2/repository/com/azure/spring/spring-cloud-azure-starter/4.4.1/spring-cloud-azure-starter-4.4.1.jar:/Users/parkiryeong/.m2/repository/com/azure/spring/spring-cloud-azure-autoconfigure/4.4.1/spring-cloud-azure-autoconfigure-4.4.1.jar:/Users/parkiryeong/.m2/repository/com/azure/spring/spring-cloud-azure-service/4.4.1/spring-cloud-azure-service-4.4.1.jar:/Users/parkiryeong/.m2/repository/com/azure/spring/spring-cloud-azure-core/4.4.1/spring-cloud-azure-core-4.4.1.jar:/Users/parkiryeong/.m2/repository/com/azure/azure-core/1.32.0/azure-core-1.32.0.jar:/Users/parkiryeong/.m2/repository/com/fasterxml/jackson/dataformat/jackson-dataformat-xml/2.13.4/jackson-dataformat-xml-2.13.4.jar:/Users/parkiryeong/.m2/repository/org/codehaus/woodstox/stax2-api/4.2.1/stax2-api-4.2.1.jar:/Users/parkiryeong/.m2/repository/com/fasterxml/woodstox/woodstox-core/6.3.1/woodstox-core-6.3.1.jar:/Users/parkiryeong/.m2/repository/io/projectreactor/reactor-core/3.4.24/reactor-core-3.4.24.jar:/Users/parkiryeong/.m2/repository/org/reactivestreams/reactive-streams/1.0.4/reactive-streams-1.0.4.jar:/Users/parkiryeong/.m2/repository/com/azure/azure-identity/1.6.0/azure-identity-1.6.0.jar:/Users/parkiryeong/.m2/repository/com/azure/azure-core-http-netty/1.12.5/azure-core-http-netty-1.12.5.jar:/Users/parkiryeong/.m2/repository/io/netty/netty-handler/4.1.84.Final/netty-handler-4.1.84.Final.jar:/Users/parkiryeong/.m2/repository/io/netty/netty-common/4.1.84.Final/netty-common-4.1.84.Final.jar:/Users/parkiryeong/.m2/repository/io/netty/netty-resolver/4.1.84.Final/netty-resolver-4.1.84.Final.jar:/Users/parkiryeong/.m2/repository/io/netty/netty-transport/4.1.84.Final/netty-transport-4.1.84.Final.jar:/Users/parkiryeong/.m2/repository/io/netty/netty-codec/4.1.84.Final/netty-codec-4.1.84.Final.jar:/Users/parkiryeong/.m2/repository/io/netty/netty-handler-proxy/4.1.84.Final/netty-handler-proxy-4.1.84.Final.jar:/Users/parkiryeong/.m2/repository/io/netty/netty-codec-socks/4.1.84.Final/netty-codec-socks-4.1.84.Final.jar:/Users/parkiryeong/.m2/repository/io/netty/netty-buffer/4.1.84.Final/netty-buffer-4.1.84.Final.jar:/Users/parkiryeong/.m2/repository/io/netty/netty-codec-http/4.1.84.Final/netty-codec-http-4.1.84.Final.jar:/Users/parkiryeong/.m2/repository/io/netty/netty-codec-http2/4.1.84.Final/netty-codec-http2-4.1.84.Final.jar:/Users/parkiryeong/.m2/repository/io/netty/netty-transport-native-unix-common/4.1.84.Final/netty-transport-native-unix-common-4.1.84.Final.jar:/Users/parkiryeong/.m2/repository/io/netty/netty-transport-native-epoll/4.1.84.Final/netty-transport-native-epoll-4.1.84.Final-linux-x86_64.jar:/Users/parkiryeong/.m2/repository/io/netty/netty-transport-classes-epoll/4.1.84.Final/netty-transport-classes-epoll-4.1.84.Final.jar:/Users/parkiryeong/.m2/repository/io/netty/netty-transport-native-kqueue/4.1.84.Final/netty-transport-native-kqueue-4.1.84.Final-osx-x86_64.jar:/Users/parkiryeong/.m2/repository/io/netty/netty-transport-classes-kqueue/4.1.84.Final/netty-transport-classes-kqueue-4.1.84.Final.jar:/Users/parkiryeong/.m2/repository/io/netty/netty-tcnative-boringssl-static/2.0.54.Final/netty-tcnative-boringssl-static-2.0.54.Final.jar:/Users/parkiryeong/.m2/repository/io/netty/netty-tcnative-classes/2.0.54.Final/netty-tcnative-classes-2.0.54.Final.jar:/Users/parkiryeong/.m2/repository/io/netty/netty-tcnative-boringssl-static/2.0.54.Final/netty-tcnative-boringssl-static-2.0.54.Final-linux-x86_64.jar:/Users/parkiryeong/.m2/repository/io/netty/netty-tcnative-boringssl-static/2.0.54.Final/netty-tcnative-boringssl-static-2.0.54.Final-linux-aarch_64.jar:/Users/parkiryeong/.m2/repository/io/netty/netty-tcnative-boringssl-static/2.0.54.Final/netty-tcnative-boringssl-static-2.0.54.Final-osx-x86_64.jar:/Users/parkiryeong/.m2/repository/io/netty/netty-tcnative-boringssl-static/2.0.54.Final/netty-tcnative-boringssl-static-2.0.54.Final-osx-aarch_64.jar:/Users/parkiryeong/.m2/repository/io/netty/netty-tcnative-boringssl-static/2.0.54.Final/netty-tcnative-boringssl-static-2.0.54.Final-windows-x86_64.jar:/Users/parkiryeong/.m2/repository/io/projectreactor/netty/reactor-netty-http/1.0.24/reactor-netty-http-1.0.24.jar:/Users/parkiryeong/.m2/repository/io/netty/netty-resolver-dns/4.1.84.Final/netty-resolver-dns-4.1.84.Final.jar:/Users/parkiryeong/.m2/repository/io/netty/netty-codec-dns/4.1.84.Final/netty-codec-dns-4.1.84.Final.jar:/Users/parkiryeong/.m2/repository/io/netty/netty-resolver-dns-native-macos/4.1.84.Final/netty-resolver-dns-native-macos-4.1.84.Final-osx-x86_64.jar:/Users/parkiryeong/.m2/repository/io/netty/netty-resolver-dns-classes-macos/4.1.84.Final/netty-resolver-dns-classes-macos-4.1.84.Final.jar:/Users/parkiryeong/.m2/repository/io/projectreactor/netty/reactor-netty-core/1.0.24/reactor-netty-core-1.0.24.jar:/Users/parkiryeong/.m2/repository/com/microsoft/azure/msal4j/1.13.1/msal4j-1.13.1.jar:/Users/parkiryeong/.m2/repository/com/nimbusds/oauth2-oidc-sdk/9.35/oauth2-oidc-sdk-9.35.jar:/Users/parkiryeong/.m2/repository/com/github/stephenc/jcip/jcip-annotations/1.0-1/jcip-annotations-1.0-1.jar:/Users/parkiryeong/.m2/repository/com/nimbusds/content-type/2.2/content-type-2.2.jar:/Users/parkiryeong/.m2/repository/com/nimbusds/lang-tag/1.6/lang-tag-1.6.jar:/Users/parkiryeong/.m2/repository/com/nimbusds/nimbus-jose-jwt/9.22/nimbus-jose-jwt-9.22.jar:/Users/parkiryeong/.m2/repository/com/microsoft/azure/msal4j-persistence-extension/1.1.0/msal4j-persistence-extension-1.1.0.jar:/Users/parkiryeong/.m2/repository/net/java/dev/jna/jna/5.5.0/jna-5.5.0.jar:/Users/parkiryeong/.m2/repository/net/java/dev/jna/jna-platform/5.6.0/jna-platform-5.6.0.jar:/Users/parkiryeong/.m2/repository/com/azure/azure-core-amqp/2.7.1/azure-core-amqp-2.7.1.jar:/Users/parkiryeong/.m2/repository/com/microsoft/azure/qpid-proton-j-extensions/1.2.4/qpid-proton-j-extensions-1.2.4.jar:/Users/parkiryeong/.m2/repository/org/apache/qpid/proton-j/0.33.8/proton-j-0.33.8.jar:/Users/parkiryeong/.m2/repository/com/azure/azure-core-management/1.8.0/azure-core-management-1.8.0.jar:/Users/parkiryeong/.m2/repository/jakarta/validation/jakarta.validation-api/2.0.2/jakarta.validation-api-2.0.2.jar:/Users/parkiryeong/.m2/repository/org/mybatis/spring/boot/mybatis-spring-boot-starter/2.2.2/mybatis-spring-boot-starter-2.2.2.jar:/Users/parkiryeong/.m2/repository/org/mybatis/spring/boot/mybatis-spring-boot-autoconfigure/2.2.2/mybatis-spring-boot-autoconfigure-2.2.2.jar:/Users/parkiryeong/.m2/repository/org/mybatis/mybatis/3.5.9/mybatis-3.5.9.jar:/Users/parkiryeong/.m2/repository/org/mybatis/mybatis-spring/2.0.7/mybatis-spring-2.0.7.jar:/Users/parkiryeong/.m2/repository/org/springframework/boot/spring-boot-devtools/2.7.5/spring-boot-devtools-2.7.5.jar:/Users/parkiryeong/.m2/repository/org/springframework/boot/spring-boot/2.7.5/spring-boot-2.7.5.jar:/Users/parkiryeong/.m2/repository/org/springframework/boot/spring-boot-autoconfigure/2.7.5/spring-boot-autoconfigure-2.7.5.jar:/Users/parkiryeong/.m2/repository/com/mysql/mysql-connector-j/8.0.31/mysql-connector-j-8.0.31.jar:/Users/parkiryeong/.m2/repository/org/projectlombok/lombok/1.18.24/lombok-1.18.24.jar:/Users/parkiryeong/.m2/repository/org/springframework/boot/spring-boot-starter-test/2.7.5/spring-boot-starter-test-2.7.5.jar:/Users/parkiryeong/.m2/repository/org/springframework/boot/spring-boot-test/2.7.5/spring-boot-test-2.7.5.jar:/Users/parkiryeong/.m2/repository/org/springframework/boot/spring-boot-test-autoconfigure/2.7.5/spring-boot-test-autoconfigure-2.7.5.jar:/Users/parkiryeong/.m2/repository/com/jayway/jsonpath/json-path/2.7.0/json-path-2.7.0.jar:/Users/parkiryeong/.m2/repository/net/minidev/json-smart/2.4.8/json-smart-2.4.8.jar:/Users/parkiryeong/.m2/repository/net/minidev/accessors-smart/2.4.8/accessors-smart-2.4.8.jar:/Users/parkiryeong/.m2/repository/org/ow2/asm/asm/9.1/asm-9.1.jar:/Users/parkiryeong/.m2/repository/jakarta/xml/bind/jakarta.xml.bind-api/2.3.3/jakarta.xml.bind-api-2.3.3.jar:/Users/parkiryeong/.m2/repository/jakarta/activation/jakarta.activation-api/1.2.2/jakarta.activation-api-1.2.2.jar:/Users/parkiryeong/.m2/repository/org/assertj/assertj-core/3.22.0/assertj-core-3.22.0.jar:/Users/parkiryeong/.m2/repository/org/hamcrest/hamcrest/2.2/hamcrest-2.2.jar:/Users/parkiryeong/.m2/repository/org/junit/jupiter/junit-jupiter/5.8.2/junit-jupiter-5.8.2.jar:/Users/parkiryeong/.m2/repository/org/junit/jupiter/junit-jupiter-api/5.8.2/junit-jupiter-api-5.8.2.jar:/Users/parkiryeong/.m2/repository/org/opentest4j/opentest4j/1.2.0/opentest4j-1.2.0.jar:/Users/parkiryeong/.m2/repository/org/junit/platform/junit-platform-commons/1.8.2/junit-platform-commons-1.8.2.jar:/Users/parkiryeong/.m2/repository/org/apiguardian/apiguardian-api/1.1.2/apiguardian-api-1.1.2.jar:/Users/parkiryeong/.m2/repository/org/junit/jupiter/junit-jupiter-params/5.8.2/junit-jupiter-params-5.8.2.jar:/Users/parkiryeong/.m2/repository/org/junit/jupiter/junit-jupiter-engine/5.8.2/junit-jupiter-engine-5.8.2.jar:/Users/parkiryeong/.m2/repository/org/junit/platform/junit-platform-engine/1.8.2/junit-platform-engine-1.8.2.jar:/Users/parkiryeong/.m2/repository/org/mockito/mockito-core/4.5.1/mockito-core-4.5.1.jar:/Users/parkiryeong/.m2/repository/net/bytebuddy/byte-buddy/1.12.18/byte-buddy-1.12.18.jar:/Users/parkiryeong/.m2/repository/net/bytebuddy/byte-buddy-agent/1.12.18/byte-buddy-agent-1.12.18.jar:/Users/parkiryeong/.m2/repository/org/objenesis/objenesis/3.2/objenesis-3.2.jar:/Users/parkiryeong/.m2/repository/org/mockito/mockito-junit-jupiter/4.5.1/mockito-junit-jupiter-4.5.1.jar:/Users/parkiryeong/.m2/repository/org/skyscreamer/jsonassert/1.5.1/jsonassert-1.5.1.jar:/Users/parkiryeong/.m2/repository/com/vaadin/external/google/android-json/0.0.20131108.vaadin1/android-json-0.0.20131108.vaadin1.jar:/Users/parkiryeong/.m2/repository/org/springframework/spring-core/5.3.23/spring-core-5.3.23.jar:/Users/parkiryeong/.m2/repository/org/springframework/spring-jcl/5.3.23/spring-jcl-5.3.23.jar:/Users/parkiryeong/.m2/repository/org/springframework/spring-test/5.3.23/spring-test-5.3.23.jar:/Users/parkiryeong/.m2/repository/org/xmlunit/xmlunit-core/2.9.0/xmlunit-core-2.9.0.jar:/Users/parkiryeong/.m2/repository/io/springfox/springfox-boot-starter/3.0.0/springfox-boot-starter-3.0.0.jar:/Users/parkiryeong/.m2/repository/io/springfox/springfox-oas/3.0.0/springfox-oas-3.0.0.jar:/Users/parkiryeong/.m2/repository/io/swagger/core/v3/swagger-annotations/2.1.2/swagger-annotations-2.1.2.jar:/Users/parkiryeong/.m2/repository/io/swagger/core/v3/swagger-models/2.1.2/swagger-models-2.1.2.jar:/Users/parkiryeong/.m2/repository/io/springfox/springfox-spi/3.0.0/springfox-spi-3.0.0.jar:/Users/parkiryeong/.m2/repository/io/springfox/springfox-schema/3.0.0/springfox-schema-3.0.0.jar:/Users/parkiryeong/.m2/repository/io/springfox/springfox-core/3.0.0/springfox-core-3.0.0.jar:/Users/parkiryeong/.m2/repository/io/springfox/springfox-spring-web/3.0.0/springfox-spring-web-3.0.0.jar:/Users/parkiryeong/.m2/repository/io/github/classgraph/classgraph/4.8.83/classgraph-4.8.83.jar:/Users/parkiryeong/.m2/repository/io/springfox/springfox-spring-webmvc/3.0.0/springfox-spring-webmvc-3.0.0.jar:/Users/parkiryeong/.m2/repository/io/springfox/springfox-spring-webflux/3.0.0/springfox-spring-webflux-3.0.0.jar:/Users/parkiryeong/.m2/repository/io/springfox/springfox-swagger-common/3.0.0/springfox-swagger-common-3.0.0.jar:/Users/parkiryeong/.m2/repository/org/mapstruct/mapstruct/1.3.1.Final/mapstruct-1.3.1.Final.jar:/Users/parkiryeong/.m2/repository/io/springfox/springfox-data-rest/3.0.0/springfox-data-rest-3.0.0.jar:/Users/parkiryeong/.m2/repository/io/springfox/springfox-bean-validators/3.0.0/springfox-bean-validators-3.0.0.jar:/Users/parkiryeong/.m2/repository/io/springfox/springfox-swagger2/3.0.0/springfox-swagger2-3.0.0.jar:/Users/parkiryeong/.m2/repository/io/swagger/swagger-annotations/1.5.20/swagger-annotations-1.5.20.jar:/Users/parkiryeong/.m2/repository/io/swagger/swagger-models/1.5.20/swagger-models-1.5.20.jar:/Users/parkiryeong/.m2/repository/io/springfox/springfox-swagger-ui/3.0.0/springfox-swagger-ui-3.0.0.jar:/Users/parkiryeong/.m2/repository/com/fasterxml/classmate/1.5.1/classmate-1.5.1.jar:/Users/parkiryeong/.m2/repository/org/slf4j/slf4j-api/1.7.36/slf4j-api-1.7.36.jar:/Users/parkiryeong/.m2/repository/org/springframework/plugin/spring-plugin-core/2.0.0.RELEASE/spring-plugin-core-2.0.0.RELEASE.jar:/Users/parkiryeong/.m2/repository/org/springframework/plugin/spring-plugin-metadata/2.0.0.RELEASE/spring-plugin-metadata-2.0.0.RELEASE.jar:/Users/parkiryeong/.m2/repository/com/fasterxml/jackson/core/jackson-databind/2.13.4.2/jackson-databind-2.13.4.2.jar:/Users/parkiryeong/.m2/repository/com/fasterxml/jackson/core/jackson-annotations/2.13.4/jackson-annotations-2.13.4.jar:/Users/parkiryeong/.m2/repository/com/fasterxml/jackson/core/jackson-core/2.13.4/jackson-core-2.13.4.jar:/Users/parkiryeong/.m2/repository/io/jsonwebtoken/jjwt/0.9.1/jjwt-0.9.1.jar:/Users/parkiryeong/.m2/repository/javax/xml/bind/jaxb-api/2.3.1/jaxb-api-2.3.1.jar:/Users/parkiryeong/.m2/repository/javax/activation/javax.activation-api/1.2.0/javax.activation-api-1.2.0.jar:"/>
    <property name="java.vm.vendor" value="Eclipse Adoptium"/>
    <property name="sun.arch.data.model" value="64"/>
    <property name="java.vendor.url" value="https://adoptium.net/"/>
    <property name="os.name" value="Mac OS X"/>
    <property name="java.vm.specification.version" value="17"/>
    <property name="sun.java.launcher" value="SUN_STANDARD"/>
    <property name="user.country" value="KR"/>
    <property name="sun.boot.library.path" value="/Users/parkiryeong/.p2/pool/plugins/org.eclipse.justj.openjdk.hotspot.jre.full.macosx.x86_64_17.0.4.v20220903-1038/jre/lib"/>
    <property name="sun.java.command" value="/Users/parkiryeong/git/bucket-splash-backend/target/surefire/surefirebooter17093079175200825902.jar /Users/parkiryeong/git/bucket-splash-backend/target/surefire 2023-01-11T22-33-19_155-jvmRun1 surefire17824104474596551957tmp surefire_07646363408245766147tmp"/>
    <property name="http.nonProxyHosts" value="local|*.local|169.254/16|*.169.254/16|localhost|*.localhost|lx.astxsvc.com|*.lx.astxsvc.com|127.0.0.1:21300|*.127.0.0.1:21300"/>
    <property name="jdk.debug" value="release"/>
    <property name="surefire.test.class.path" value="/Users/parkiryeong/git/bucket-splash-backend/target/test-classes:/Users/parkiryeong/git/bucket-splash-backend/target/classes:/Users/parkiryeong/.m2/repository/org/springframework/boot/spring-boot-starter-tomcat/2.7.5/spring-boot-starter-tomcat-2.7.5.jar:/Users/parkiryeong/.m2/repository/jakarta/annotation/jakarta.annotation-api/1.3.5/jakarta.annotation-api-1.3.5.jar:/Users/parkiryeong/.m2/repository/org/apache/tomcat/embed/tomcat-embed-core/9.0.68/tomcat-embed-core-9.0.68.jar:/Users/parkiryeong/.m2/repository/org/apache/tomcat/embed/tomcat-embed-el/9.0.68/tomcat-embed-el-9.0.68.jar:/Users/parkiryeong/.m2/repository/org/apache/tomcat/embed/tomcat-embed-websocket/9.0.68/tomcat-embed-websocket-9.0.68.jar:/Users/parkiryeong/.m2/repository/org/springframework/boot/spring-boot-starter-data-jdbc/2.7.5/spring-boot-starter-data-jdbc-2.7.5.jar:/Users/parkiryeong/.m2/repository/org/springframework/boot/spring-boot-starter-jdbc/2.7.5/spring-boot-starter-jdbc-2.7.5.jar:/Users/parkiryeong/.m2/repository/com/zaxxer/HikariCP/4.0.3/HikariCP-4.0.3.jar:/Users/parkiryeong/.m2/repository/org/springframework/spring-jdbc/5.3.23/spring-jdbc-5.3.23.jar:/Users/parkiryeong/.m2/repository/org/springframework/data/spring-data-jdbc/2.4.5/spring-data-jdbc-2.4.5.jar:/Users/parkiryeong/.m2/repository/org/springframework/data/spring-data-relational/2.4.5/spring-data-relational-2.4.5.jar:/Users/parkiryeong/.m2/repository/org/springframework/data/spring-data-commons/2.7.5/spring-data-commons-2.7.5.jar:/Users/parkiryeong/.m2/repository/org/springframework/spring-tx/5.3.23/spring-tx-5.3.23.jar:/Users/parkiryeong/.m2/repository/org/springframework/spring-context/5.3.23/spring-context-5.3.23.jar:/Users/parkiryeong/.m2/repository/org/springframework/spring-beans/5.3.23/spring-beans-5.3.23.jar:/Users/parkiryeong/.m2/repository/org/springframework/boot/spring-boot-starter-web/2.7.5/spring-boot-starter-web-2.7.5.jar:/Users/parkiryeong/.m2/repository/org/springframework/boot/spring-boot-starter/2.7.5/spring-boot-starter-2.7.5.jar:/Users/parkiryeong/.m2/repository/org/springframework/boot/spring-boot-starter-logging/2.7.5/spring-boot-starter-logging-2.7.5.jar:/Users/parkiryeong/.m2/repository/ch/qos/logback/logback-classic/1.2.11/logback-classic-1.2.11.jar:/Users/parkiryeong/.m2/repository/ch/qos/logback/logback-core/1.2.11/logback-core-1.2.11.jar:/Users/parkiryeong/.m2/repository/org/apache/logging/log4j/log4j-to-slf4j/2.17.2/log4j-to-slf4j-2.17.2.jar:/Users/parkiryeong/.m2/repository/org/apache/logging/log4j/log4j-api/2.17.2/log4j-api-2.17.2.jar:/Users/parkiryeong/.m2/repository/org/slf4j/jul-to-slf4j/1.7.36/jul-to-slf4j-1.7.36.jar:/Users/parkiryeong/.m2/repository/org/yaml/snakeyaml/1.30/snakeyaml-1.30.jar:/Users/parkiryeong/.m2/repository/org/springframework/boot/spring-boot-starter-json/2.7.5/spring-boot-starter-json-2.7.5.jar:/Users/parkiryeong/.m2/repository/com/fasterxml/jackson/datatype/jackson-datatype-jdk8/2.13.4/jackson-datatype-jdk8-2.13.4.jar:/Users/parkiryeong/.m2/repository/com/fasterxml/jackson/datatype/jackson-datatype-jsr310/2.13.4/jackson-datatype-jsr310-2.13.4.jar:/Users/parkiryeong/.m2/repository/com/fasterxml/jackson/module/jackson-module-parameter-names/2.13.4/jackson-module-parameter-names-2.13.4.jar:/Users/parkiryeong/.m2/repository/org/springframework/spring-web/5.3.23/spring-web-5.3.23.jar:/Users/parkiryeong/.m2/repository/org/springframework/spring-webmvc/5.3.23/spring-webmvc-5.3.23.jar:/Users/parkiryeong/.m2/repository/org/springframework/spring-aop/5.3.23/spring-aop-5.3.23.jar:/Users/parkiryeong/.m2/repository/org/springframework/spring-expression/5.3.23/spring-expression-5.3.23.jar:/Users/parkiryeong/.m2/repository/com/azure/spring/spring-cloud-azure-starter/4.4.1/spring-cloud-azure-starter-4.4.1.jar:/Users/parkiryeong/.m2/repository/com/azure/spring/spring-cloud-azure-autoconfigure/4.4.1/spring-cloud-azure-autoconfigure-4.4.1.jar:/Users/parkiryeong/.m2/repository/com/azure/spring/spring-cloud-azure-service/4.4.1/spring-cloud-azure-service-4.4.1.jar:/Users/parkiryeong/.m2/repository/com/azure/spring/spring-cloud-azure-core/4.4.1/spring-cloud-azure-core-4.4.1.jar:/Users/parkiryeong/.m2/repository/com/azure/azure-core/1.32.0/azure-core-1.32.0.jar:/Users/parkiryeong/.m2/repository/com/fasterxml/jackson/dataformat/jackson-dataformat-xml/2.13.4/jackson-dataformat-xml-2.13.4.jar:/Users/parkiryeong/.m2/repository/org/codehaus/woodstox/stax2-api/4.2.1/stax2-api-4.2.1.jar:/Users/parkiryeong/.m2/repository/com/fasterxml/woodstox/woodstox-core/6.3.1/woodstox-core-6.3.1.jar:/Users/parkiryeong/.m2/repository/io/projectreactor/reactor-core/3.4.24/reactor-core-3.4.24.jar:/Users/parkiryeong/.m2/repository/org/reactivestreams/reactive-streams/1.0.4/reactive-streams-1.0.4.jar:/Users/parkiryeong/.m2/repository/com/azure/azure-identity/1.6.0/azure-identity-1.6.0.jar:/Users/parkiryeong/.m2/repository/com/azure/azure-core-http-netty/1.12.5/azure-core-http-netty-1.12.5.jar:/Users/parkiryeong/.m2/repository/io/netty/netty-handler/4.1.84.Final/netty-handler-4.1.84.Final.jar:/Users/parkiryeong/.m2/repository/io/netty/netty-common/4.1.84.Final/netty-common-4.1.84.Final.jar:/Users/parkiryeong/.m2/repository/io/netty/netty-resolver/4.1.84.Final/netty-resolver-4.1.84.Final.jar:/Users/parkiryeong/.m2/repository/io/netty/netty-transport/4.1.84.Final/netty-transport-4.1.84.Final.jar:/Users/parkiryeong/.m2/repository/io/netty/netty-codec/4.1.84.Final/netty-codec-4.1.84.Final.jar:/Users/parkiryeong/.m2/repository/io/netty/netty-handler-proxy/4.1.84.Final/netty-handler-proxy-4.1.84.Final.jar:/Users/parkiryeong/.m2/repository/io/netty/netty-codec-socks/4.1.84.Final/netty-codec-socks-4.1.84.Final.jar:/Users/parkiryeong/.m2/repository/io/netty/netty-buffer/4.1.84.Final/netty-buffer-4.1.84.Final.jar:/Users/parkiryeong/.m2/repository/io/netty/netty-codec-http/4.1.84.Final/netty-codec-http-4.1.84.Final.jar:/Users/parkiryeong/.m2/repository/io/netty/netty-codec-http2/4.1.84.Final/netty-codec-http2-4.1.84.Final.jar:/Users/parkiryeong/.m2/repository/io/netty/netty-transport-native-unix-common/4.1.84.Final/netty-transport-native-unix-common-4.1.84.Final.jar:/Users/parkiryeong/.m2/repository/io/netty/netty-transport-native-epoll/4.1.84.Final/netty-transport-native-epoll-4.1.84.Final-linux-x86_64.jar:/Users/parkiryeong/.m2/repository/io/netty/netty-transport-classes-epoll/4.1.84.Final/netty-transport-classes-epoll-4.1.84.Final.jar:/Users/parkiryeong/.m2/repository/io/netty/netty-transport-native-kqueue/4.1.84.Final/netty-transport-native-kqueue-4.1.84.Final-osx-x86_64.jar:/Users/parkiryeong/.m2/repository/io/netty/netty-transport-classes-kqueue/4.1.84.Final/netty-transport-classes-kqueue-4.1.84.Final.jar:/Users/parkiryeong/.m2/repository/io/netty/netty-tcnative-boringssl-static/2.0.54.Final/netty-tcnative-boringssl-static-2.0.54.Final.jar:/Users/parkiryeong/.m2/repository/io/netty/netty-tcnative-classes/2.0.54.Final/netty-tcnative-classes-2.0.54.Final.jar:/Users/parkiryeong/.m2/repository/io/netty/netty-tcnative-boringssl-static/2.0.54.Final/netty-tcnative-boringssl-static-2.0.54.Final-linux-x86_64.jar:/Users/parkiryeong/.m2/repository/io/netty/netty-tcnative-boringssl-static/2.0.54.Final/netty-tcnative-boringssl-static-2.0.54.Final-linux-aarch_64.jar:/Users/parkiryeong/.m2/repository/io/netty/netty-tcnative-boringssl-static/2.0.54.Final/netty-tcnative-boringssl-static-2.0.54.Final-osx-x86_64.jar:/Users/parkiryeong/.m2/repository/io/netty/netty-tcnative-boringssl-static/2.0.54.Final/netty-tcnative-boringssl-static-2.0.54.Final-osx-aarch_64.jar:/Users/parkiryeong/.m2/repository/io/netty/netty-tcnative-boringssl-static/2.0.54.Final/netty-tcnative-boringssl-static-2.0.54.Final-windows-x86_64.jar:/Users/parkiryeong/.m2/repository/io/projectreactor/netty/reactor-netty-http/1.0.24/reactor-netty-http-1.0.24.jar:/Users/parkiryeong/.m2/repository/io/netty/netty-resolver-dns/4.1.84.Final/netty-resolver-dns-4.1.84.Final.jar:/Users/parkiryeong/.m2/repository/io/netty/netty-codec-dns/4.1.84.Final/netty-codec-dns-4.1.84.Final.jar:/Users/parkiryeong/.m2/repository/io/netty/netty-resolver-dns-native-macos/4.1.84.Final/netty-resolver-dns-native-macos-4.1.84.Final-osx-x86_64.jar:/Users/parkiryeong/.m2/repository/io/netty/netty-resolver-dns-classes-macos/4.1.84.Final/netty-resolver-dns-classes-macos-4.1.84.Final.jar:/Users/parkiryeong/.m2/repository/io/projectreactor/netty/reactor-netty-core/1.0.24/reactor-netty-core-1.0.24.jar:/Users/parkiryeong/.m2/repository/com/microsoft/azure/msal4j/1.13.1/msal4j-1.13.1.jar:/Users/parkiryeong/.m2/repository/com/nimbusds/oauth2-oidc-sdk/9.35/oauth2-oidc-sdk-9.35.jar:/Users/parkiryeong/.m2/repository/com/github/stephenc/jcip/jcip-annotations/1.0-1/jcip-annotations-1.0-1.jar:/Users/parkiryeong/.m2/repository/com/nimbusds/content-type/2.2/content-type-2.2.jar:/Users/parkiryeong/.m2/repository/com/nimbusds/lang-tag/1.6/lang-tag-1.6.jar:/Users/parkiryeong/.m2/repository/com/nimbusds/nimbus-jose-jwt/9.22/nimbus-jose-jwt-9.22.jar:/Users/parkiryeong/.m2/repository/com/microsoft/azure/msal4j-persistence-extension/1.1.0/msal4j-persistence-extension-1.1.0.jar:/Users/parkiryeong/.m2/repository/net/java/dev/jna/jna/5.5.0/jna-5.5.0.jar:/Users/parkiryeong/.m2/repository/net/java/dev/jna/jna-platform/5.6.0/jna-platform-5.6.0.jar:/Users/parkiryeong/.m2/repository/com/azure/azure-core-amqp/2.7.1/azure-core-amqp-2.7.1.jar:/Users/parkiryeong/.m2/repository/com/microsoft/azure/qpid-proton-j-extensions/1.2.4/qpid-proton-j-extensions-1.2.4.jar:/Users/parkiryeong/.m2/repository/org/apache/qpid/proton-j/0.33.8/proton-j-0.33.8.jar:/Users/parkiryeong/.m2/repository/com/azure/azure-core-management/1.8.0/azure-core-management-1.8.0.jar:/Users/parkiryeong/.m2/repository/jakarta/validation/jakarta.validation-api/2.0.2/jakarta.validation-api-2.0.2.jar:/Users/parkiryeong/.m2/repository/org/mybatis/spring/boot/mybatis-spring-boot-starter/2.2.2/mybatis-spring-boot-starter-2.2.2.jar:/Users/parkiryeong/.m2/repository/org/mybatis/spring/boot/mybatis-spring-boot-autoconfigure/2.2.2/mybatis-spring-boot-autoconfigure-2.2.2.jar:/Users/parkiryeong/.m2/repository/org/mybatis/mybatis/3.5.9/mybatis-3.5.9.jar:/Users/parkiryeong/.m2/repository/org/mybatis/mybatis-spring/2.0.7/mybatis-spring-2.0.7.jar:/Users/parkiryeong/.m2/repository/org/springframework/boot/spring-boot-devtools/2.7.5/spring-boot-devtools-2.7.5.jar:/Users/parkiryeong/.m2/repository/org/springframework/boot/spring-boot/2.7.5/spring-boot-2.7.5.jar:/Users/parkiryeong/.m2/repository/org/springframework/boot/spring-boot-autoconfigure/2.7.5/spring-boot-autoconfigure-2.7.5.jar:/Users/parkiryeong/.m2/repository/com/mysql/mysql-connector-j/8.0.31/mysql-connector-j-8.0.31.jar:/Users/parkiryeong/.m2/repository/org/projectlombok/lombok/1.18.24/lombok-1.18.24.jar:/Users/parkiryeong/.m2/repository/org/springframework/boot/spring-boot-starter-test/2.7.5/spring-boot-starter-test-2.7.5.jar:/Users/parkiryeong/.m2/repository/org/springframework/boot/spring-boot-test/2.7.5/spring-boot-test-2.7.5.jar:/Users/parkiryeong/.m2/repository/org/springframework/boot/spring-boot-test-autoconfigure/2.7.5/spring-boot-test-autoconfigure-2.7.5.jar:/Users/parkiryeong/.m2/repository/com/jayway/jsonpath/json-path/2.7.0/json-path-2.7.0.jar:/Users/parkiryeong/.m2/repository/net/minidev/json-smart/2.4.8/json-smart-2.4.8.jar:/Users/parkiryeong/.m2/repository/net/minidev/accessors-smart/2.4.8/accessors-smart-2.4.8.jar:/Users/parkiryeong/.m2/repository/org/ow2/asm/asm/9.1/asm-9.1.jar:/Users/parkiryeong/.m2/repository/jakarta/xml/bind/jakarta.xml.bind-api/2.3.3/jakarta.xml.bind-api-2.3.3.jar:/Users/parkiryeong/.m2/repository/jakarta/activation/jakarta.activation-api/1.2.2/jakarta.activation-api-1.2.2.jar:/Users/parkiryeong/.m2/repository/org/assertj/assertj-core/3.22.0/assertj-core-3.22.0.jar:/Users/parkiryeong/.m2/repository/org/hamcrest/hamcrest/2.2/hamcrest-2.2.jar:/Users/parkiryeong/.m2/repository/org/junit/jupiter/junit-jupiter/5.8.2/junit-jupiter-5.8.2.jar:/Users/parkiryeong/.m2/repository/org/junit/jupiter/junit-jupiter-api/5.8.2/junit-jupiter-api-5.8.2.jar:/Users/parkiryeong/.m2/repository/org/opentest4j/opentest4j/1.2.0/opentest4j-1.2.0.jar:/Users/parkiryeong/.m2/repository/org/junit/platform/junit-platform-commons/1.8.2/junit-platform-commons-1.8.2.jar:/Users/parkiryeong/.m2/repository/org/apiguardian/apiguardian-api/1.1.2/apiguardian-api-1.1.2.jar:/Users/parkiryeong/.m2/repository/org/junit/jupiter/junit-jupiter-params/5.8.2/junit-jupiter-params-5.8.2.jar:/Users/parkiryeong/.m2/repository/org/junit/jupiter/junit-jupiter-engine/5.8.2/junit-jupiter-engine-5.8.2.jar:/Users/parkiryeong/.m2/repository/org/junit/platform/junit-platform-engine/1.8.2/junit-platform-engine-1.8.2.jar:/Users/parkiryeong/.m2/repository/org/mockito/mockito-core/4.5.1/mockito-core-4.5.1.jar:/Users/parkiryeong/.m2/repository/net/bytebuddy/byte-buddy/1.12.18/byte-buddy-1.12.18.jar:/Users/parkiryeong/.m2/repository/net/bytebuddy/byte-buddy-agent/1.12.18/byte-buddy-agent-1.12.18.jar:/Users/parkiryeong/.m2/repository/org/objenesis/objenesis/3.2/objenesis-3.2.jar:/Users/parkiryeong/.m2/repository/org/mockito/mockito-junit-jupiter/4.5.1/mockito-junit-jupiter-4.5.1.jar:/Users/parkiryeong/.m2/repository/org/skyscreamer/jsonassert/1.5.1/jsonassert-1.5.1.jar:/Users/parkiryeong/.m2/repository/com/vaadin/external/google/android-json/0.0.20131108.vaadin1/android-json-0.0.20131108.vaadin1.jar:/Users/parkiryeong/.m2/repository/org/springframework/spring-core/5.3.23/spring-core-5.3.23.jar:/Users/parkiryeong/.m2/repository/org/springframework/spring-jcl/5.3.23/spring-jcl-5.3.23.jar:/Users/parkiryeong/.m2/repository/org/springframework/spring-test/5.3.23/spring-test-5.3.23.jar:/Users/parkiryeong/.m2/repository/org/xmlunit/xmlunit-core/2.9.0/xmlunit-core-2.9.0.jar:/Users/parkiryeong/.m2/repository/io/springfox/springfox-boot-starter/3.0.0/springfox-boot-starter-3.0.0.jar:/Users/parkiryeong/.m2/repository/io/springfox/springfox-oas/3.0.0/springfox-oas-3.0.0.jar:/Users/parkiryeong/.m2/repository/io/swagger/core/v3/swagger-annotations/2.1.2/swagger-annotations-2.1.2.jar:/Users/parkiryeong/.m2/repository/io/swagger/core/v3/swagger-models/2.1.2/swagger-models-2.1.2.jar:/Users/parkiryeong/.m2/repository/io/springfox/springfox-spi/3.0.0/springfox-spi-3.0.0.jar:/Users/parkiryeong/.m2/repository/io/springfox/springfox-schema/3.0.0/springfox-schema-3.0.0.jar:/Users/parkiryeong/.m2/repository/io/springfox/springfox-core/3.0.0/springfox-core-3.0.0.jar:/Users/parkiryeong/.m2/repository/io/springfox/springfox-spring-web/3.0.0/springfox-spring-web-3.0.0.jar:/Users/parkiryeong/.m2/repository/io/github/classgraph/classgraph/4.8.83/classgraph-4.8.83.jar:/Users/parkiryeong/.m2/repository/io/springfox/springfox-spring-webmvc/3.0.0/springfox-spring-webmvc-3.0.0.jar:/Users/parkiryeong/.m2/repository/io/springfox/springfox-spring-webflux/3.0.0/springfox-spring-webflux-3.0.0.jar:/Users/parkiryeong/.m2/repository/io/springfox/springfox-swagger-common/3.0.0/springfox-swagger-common-3.0.0.jar:/Users/parkiryeong/.m2/repository/org/mapstruct/mapstruct/1.3.1.Final/mapstruct-1.3.1.Final.jar:/Users/parkiryeong/.m2/repository/io/springfox/springfox-data-rest/3.0.0/springfox-data-rest-3.0.0.jar:/Users/parkiryeong/.m2/repository/io/springfox/springfox-bean-validators/3.0.0/springfox-bean-validators-3.0.0.jar:/Users/parkiryeong/.m2/repository/io/springfox/springfox-swagger2/3.0.0/springfox-swagger2-3.0.0.jar:/Users/parkiryeong/.m2/repository/io/swagger/swagger-annotations/1.5.20/swagger-annotations-1.5.20.jar:/Users/parkiryeong/.m2/repository/io/swagger/swagger-models/1.5.20/swagger-models-1.5.20.jar:/Users/parkiryeong/.m2/repository/io/springfox/springfox-swagger-ui/3.0.0/springfox-swagger-ui-3.0.0.jar:/Users/parkiryeong/.m2/repository/com/fasterxml/classmate/1.5.1/classmate-1.5.1.jar:/Users/parkiryeong/.m2/repository/org/slf4j/slf4j-api/1.7.36/slf4j-api-1.7.36.jar:/Users/parkiryeong/.m2/repository/org/springframework/plugin/spring-plugin-core/2.0.0.RELEASE/spring-plugin-core-2.0.0.RELEASE.jar:/Users/parkiryeong/.m2/repository/org/springframework/plugin/spring-plugin-metadata/2.0.0.RELEASE/spring-plugin-metadata-2.0.0.RELEASE.jar:/Users/parkiryeong/.m2/repository/com/fasterxml/jackson/core/jackson-databind/2.13.4.2/jackson-databind-2.13.4.2.jar:/Users/parkiryeong/.m2/repository/com/fasterxml/jackson/core/jackson-annotations/2.13.4/jackson-annotations-2.13.4.jar:/Users/parkiryeong/.m2/repository/com/fasterxml/jackson/core/jackson-core/2.13.4/jackson-core-2.13.4.jar:/Users/parkiryeong/.m2/repository/io/jsonwebtoken/jjwt/0.9.1/jjwt-0.9.1.jar:/Users/parkiryeong/.m2/repository/javax/xml/bind/jaxb-api/2.3.1/jaxb-api-2.3.1.jar:/Users/parkiryeong/.m2/repository/javax/activation/javax.activation-api/1.2.0/javax.activation-api-1.2.0.jar:"/>
    <property name="sun.cpu.endian" value="little"/>
    <property name="user.home" value="/Users/parkiryeong"/>
    <property name="user.language" value="ko"/>
    <property name="java.specification.vendor" value="Oracle Corporation"/>
    <property name="java.version.date" value="2022-08-12"/>
    <property name="java.home" value="/Users/parkiryeong/.p2/pool/plugins/org.eclipse.justj.openjdk.hotspot.jre.full.macosx.x86_64_17.0.4.v20220903-1038/jre"/>
    <property name="file.separator" value="/"/>
    <property name="style.color" value="always"/>
    <property name="basedir" value="/Users/parkiryeong/git/bucket-splash-backend"/>
    <property name="java.vm.compressedOopsMode" value="Zero based"/>
    <property name="line.separator" value="&#10;"/>
    <property name="java.vm.specification.vendor" value="Oracle Corporation"/>
    <property name="java.specification.name" value="Java Platform API Specification"/>
    <property name="surefire.real.class.path" value="/Users/parkiryeong/git/bucket-splash-backend/target/surefire/surefirebooter17093079175200825902.jar"/>
    <property name="sun.management.compiler" value="HotSpot 64-Bit Tiered Compilers"/>
    <property name="ftp.nonProxyHosts" value="local|*.local|169.254/16|*.169.254/16|localhost|*.localhost|lx.astxsvc.com|*.lx.astxsvc.com|127.0.0.1:21300|*.127.0.0.1:21300"/>
    <property name="java.runtime.version" value="17.0.4.1+1"/>
    <property name="user.name" value="parkiryeong"/>
    <property name="path.separator" value=":"/>
    <property name="os.version" value="12.1"/>
    <property name="java.runtime.name" value="OpenJDK Runtime Environment"/>
    <property name="file.encoding" value="UTF-8"/>
    <property name="java.vm.name" value="OpenJDK 64-Bit Server VM"/>
    <property name="java.vendor.version" value="Temurin-17.0.4.1+1"/>
    <property name="localRepository" value="/Users/parkiryeong/.m2/repository"/>
    <property name="java.vendor.url.bug" value="https://github.com/adoptium/adoptium-support/issues"/>
    <property name="java.io.tmpdir" value="/var/folders/hr/qdzhm8k564s4bff1wdvx0km80000gn/T/"/>
    <property name="java.version" value="17.0.4.1"/>
    <property name="user.dir" value="/Users/parkiryeong/git/bucket-splash-backend"/>
    <property name="os.arch" value="x86_64"/>
    <property name="java.vm.specification.name" value="Java Virtual Machine Specification"/>
    <property name="native.encoding" value="UTF-8"/>
    <property name="java.library.path" value="/Users/parkiryeong/Library/Java/Extensions:/Library/Java/Extensions:/Network/Library/Java/Extensions:/System/Library/Java/Extensions:/usr/lib/java:."/>
    <property name="java.vm.info" value="mixed mode"/>
    <property name="java.vendor" value="Eclipse Adoptium"/>
    <property name="java.vm.version" value="17.0.4.1+1"/>
    <property name="sun.io.unicode.encoding" value="UnicodeBig"/>
    <property name="socksNonProxyHosts" value="local|*.local|169.254/16|*.169.254/16|localhost|*.localhost|lx.astxsvc.com|*.lx.astxsvc.com|127.0.0.1:21300|*.127.0.0.1:21300"/>
    <property name="java.class.version" value="61.0"/>
  </properties>
  <testcase name="contextLoads" classname="com.ssafy.finale.FinaleApplicationTests" time="0.528"/>
</testsuite>